<?xml version="1.0" encoding="UTF-8"?>
<testng-results ignored="0" total="1" passed="1" failed="0" skipped="0">
  <reporter-output>
  </reporter-output>
  <suite started-at="2023-05-12T11:26:36 IST" name="Default suite" finished-at="2023-05-12T11:26:50 IST" duration-ms="14051">
    <groups>
    </groups>
    <test started-at="2023-05-12T11:26:36 IST" name="Default test" finished-at="2023-05-12T11:26:50 IST" duration-ms="14051">
      <class name="Alerts.Browserok">
        <test-method is-config="true" signature="open()[pri:0, instance:Alerts.Browserok@73700b80]" started-at="2023-05-12T11:26:36 IST" name="open" finished-at="2023-05-12T11:26:44 IST" duration-ms="7697" status="PASS">
          <reporter-output>
          </reporter-output>
        </test-method> <!-- open -->
        <test-method signature="alert()[pri:0, instance:Alerts.Browserok@73700b80]" started-at="2023-05-12T11:26:44 IST" name="alert" finished-at="2023-05-12T11:26:50 IST" duration-ms="6146" status="PASS">
          <reporter-output>
          </reporter-output>
        </test-method> <!-- alert -->
        <test-method is-config="true" signature="close()[pri:0, instance:Alerts.Browserok@73700b80]" started-at="2023-05-12T11:26:50 IST" name="close" finished-at="2023-05-12T11:26:50 IST" duration-ms="165" status="PASS">
          <reporter-output>
          </reporter-output>
        </test-method> <!-- close -->
      </class> <!-- Alerts.Browserok -->
    </test> <!-- Default test -->
  </suite> <!-- Default suite -->
</testng-results>
